Watching for file changes with StatReloader
Performing system checks...

System check identified some issues:

WARNINGS:
todos.Todo: (models.W042) Auto-created primary key used when not defining a primary key type, by default 'django.db.models.AutoField'.
	HINT: Configure the DEFAULT_AUTO_FIELD setting or the TodosConfig.default_auto_field attribute to point to a subclass of AutoField, e.g. 'django.db.models.BigAutoField'.

System check identified 1 issue (0 silenced).
September 13, 2022 - 17:42:02
Django version 4.1.1, using settings 'todoApp.settings'
Starting development server at http://0.0.0.0:800/
Quit the server with CONTROL-C.
Error: You don't have permission to access that port.
Watching for file changes with StatReloader
Performing system checks...

System check identified some issues:

WARNINGS:
todos.Todo: (models.W042) Auto-created primary key used when not defining a primary key type, by default 'django.db.models.AutoField'.
	HINT: Configure the DEFAULT_AUTO_FIELD setting or the TodosConfig.default_auto_field attribute to point to a subclass of AutoField, e.g. 'django.db.models.BigAutoField'.

System check identified 1 issue (0 silenced).
September 13, 2022 - 17:42:58
Django version 4.1.1, using settings 'todoApp.settings'
Starting development server at http://0.0.0.0:80/
Quit the server with CONTROL-C.
Error: You don't have permission to access that port.
Watching for file changes with StatReloader
Performing system checks...

System check identified some issues:

WARNINGS:
todos.Todo: (models.W042) Auto-created primary key used when not defining a primary key type, by default 'django.db.models.AutoField'.
	HINT: Configure the DEFAULT_AUTO_FIELD setting or the TodosConfig.default_auto_field attribute to point to a subclass of AutoField, e.g. 'django.db.models.BigAutoField'.

System check identified 1 issue (0 silenced).
September 13, 2022 - 17:44:46
Django version 4.1.1, using settings 'todoApp.settings'
Starting development server at http://0.0.0.0:800/
Quit the server with CONTROL-C.
Error: You don't have permission to access that port.
Watching for file changes with StatReloader
Performing system checks...

System check identified some issues:

WARNINGS:
todos.Todo: (models.W042) Auto-created primary key used when not defining a primary key type, by default 'django.db.models.AutoField'.
	HINT: Configure the DEFAULT_AUTO_FIELD setting or the TodosConfig.default_auto_field attribute to point to a subclass of AutoField, e.g. 'django.db.models.BigAutoField'.

System check identified 1 issue (0 silenced).
September 13, 2022 - 17:46:25
Django version 4.1.1, using settings 'todoApp.settings'
Starting development server at http://0.0.0.0:80/
Quit the server with CONTROL-C.
Error: You don't have permission to access that port.
Watching for file changes with StatReloader
Performing system checks...

System check identified some issues:

WARNINGS:
todos.Todo: (models.W042) Auto-created primary key used when not defining a primary key type, by default 'django.db.models.AutoField'.
	HINT: Configure the DEFAULT_AUTO_FIELD setting or the TodosConfig.default_auto_field attribute to point to a subclass of AutoField, e.g. 'django.db.models.BigAutoField'.

System check identified 1 issue (0 silenced).
September 13, 2022 - 17:48:27
Django version 4.1.1, using settings 'todoApp.settings'
Starting development server at http://0.0.0.0:80/
Quit the server with CONTROL-C.
Error: You don't have permission to access that port.
Watching for file changes with StatReloader
Performing system checks...

System check identified some issues:

WARNINGS:
todos.Todo: (models.W042) Auto-created primary key used when not defining a primary key type, by default 'django.db.models.AutoField'.
	HINT: Configure the DEFAULT_AUTO_FIELD setting or the TodosConfig.default_auto_field attribute to point to a subclass of AutoField, e.g. 'django.db.models.BigAutoField'.

System check identified 1 issue (0 silenced).
September 13, 2022 - 17:49:13
Django version 4.1.1, using settings 'todoApp.settings'
Starting development server at http://0.0.0.0:80/
Quit the server with CONTROL-C.
Error: You don't have permission to access that port.
